{
  "RSpec": {
    "coverage": {
      "/home/pnc/sites/spolisty/spec/features/landing_pages_spec.rb": [
        1,
        null,
        1,
        1,
        2,
        null,
        null,
        1,
        1,
        null,
        null,
        1,
        1,
        1,
        null,
        null,
        1,
        1,
        null,
        null,
        null
      ],
      "/home/pnc/sites/spolisty/spec/features/subscribe_spec.rb": [
        1,
        null,
        null,
        1,
        null,
        1,
        1,
        null,
        1,
        1,
        1,
        null,
        null,
        1,
        null,
        null,
        1,
        1,
        1,
        1,
        1,
        null,
        null,
        1,
        null,
        null,
        null
      ],
      "/home/pnc/sites/spolisty/app/controllers/pages_controller.rb": [
        1,
        1,
        null,
        1,
        null,
        null,
        null
      ],
      "/home/pnc/sites/spolisty/app/controllers/application_controller.rb": [
        1,
        null,
        null,
        1,
        null,
        1,
        null,
        1,
        null,
        null,
        1,
        0,
        0,
        0,
        null,
        null,
        null,
        1,
        null,
        null,
        1,
        0,
        null,
        null,
        null,
        0,
        0,
        null,
        0,
        null,
        0,
        null,
        null,
        0,
        null,
        null,
        null,
        null
      ],
      "/home/pnc/sites/spolisty/app/controllers/subscribers_controller.rb": [
        1,
        null,
        1,
        2,
        2,
        null,
        null,
        null,
        null,
        null,
        2,
        0,
        0,
        null,
        null,
        null,
        null
      ]
    },
    "timestamp": 1416561727
  }
}
